<?xml version="1.0" encoding="UTF-8"?>
<!-- Generated by org.testng.reporters.JUnitXMLReporter -->
<testsuite ignored="2" hostname="P33MxtQCO30kH6A" failures="4" tests="11" name="Surefire test" time="76.149" errors="0" timestamp="2024-06-11T18:08:37 EEST">
  <testcase classname="Tests.negative.NegativeTests" name="successfulPostedComment" time="5.917">
    <failure type="java.lang.AssertionError" message="Different message is displayed! expected [test] but found [test comment]">
      <![CDATA[java.lang.AssertionError: Different message is displayed! expected [test] but found [test comment]
at object.Homepage.verifyThatCommentIsPostedSuccessful(Homepage.java:154)
at Tests.negative.NegativeTests.successfulPostedComment(NegativeTests.java:38)
at java.base/java.util.ArrayList.forEach(ArrayList.java:1541)
... Removed 37 stack frames]]>
    </failure>
  </testcase> <!-- successfulPostedComment -->
  <testcase classname="Tests.negative.NegativeTests" name="unsuccessfulDeletePost" time="8.168">
    <failure type="java.lang.AssertionError" message="Different message is displayed! expected [Post Deleted!23] but found [Post Deleted!]">
      <![CDATA[java.lang.AssertionError: Different message is displayed! expected [Post Deleted!23] but found [Post Deleted!]
at object.ProfilePage.verifyThatPostIsDeleted(ProfilePage.java:88)
at Tests.negative.NegativeTests.unsuccessfulDeletePost(NegativeTests.java:30)
at java.base/java.util.ArrayList.forEach(ArrayList.java:1541)
... Removed 37 stack frames]]>
    </failure>
  </testcase> <!-- unsuccessfulDeletePost -->
  <testcase classname="Tests.negative.NegativeTests" name="unsuccessfulLogOut" time="5.572">
    <failure type="java.lang.AssertionError" message="Different title is displayed! expected [true] but found [false]">
      <![CDATA[java.lang.AssertionError: Different title is displayed! expected [true] but found [false]
at object.LogoutPage.verifyThatUserIsSuccessfulLogouted(LogoutPage.java:30)
at Tests.negative.NegativeTests.unsuccessfulLogOut(NegativeTests.java:19)
at java.base/java.util.ArrayList.forEach(ArrayList.java:1541)
... Removed 35 stack frames]]>
    </failure>
  </testcase> <!-- unsuccessfulLogOut -->
  <testcase classname="Tests.positive.SuccessfulTests" name="successfulDeletePost" time="7.521"/>
  <testcase classname="Tests.positive.SuccessfulTests" name="successfulDislikedPost" time="4.968"/>
  <testcase classname="Tests.positive.SuccessfulTests" name="successfulLikedPost" time="12.642">
    <failure type="java.lang.AssertionError" message="Different message is displayed! expected [Post liked] but found [Post Deleted!]">
      <![CDATA[java.lang.AssertionError: Different message is displayed! expected [Post liked] but found [Post Deleted!]
at object.Homepage.verifyThatFirstPostIsLiked(Homepage.java:137)
at Tests.positive.SuccessfulTests.successfulLikedPost(SuccessfulTests.java:92)
at java.base/java.util.ArrayList.forEach(ArrayList.java:1541)
... Removed 37 stack frames]]>
    </failure>
  </testcase> <!-- successfulLikedPost -->
  <testcase classname="Tests.positive.SuccessfulTests" name="successfulLogOut" time="3.046"/>
  <testcase classname="Tests.positive.SuccessfulTests" name="successfulPostedComment" time="5.013"/>
  <testcase classname="Tests.positive.SuccessfulTests" name="successfulPrivatePost" time="5.989"/>
  <testcase classname="Tests.positive.SuccessfulTests" name="successfulPublicPost" time="5.864"/>
  <testcase classname="Tests.positive.SuccessfulTests" name="successfulRegistration" time="2.074"/>
  <testcase classname="Tests.TestObject" name="@BeforeSuite setupTestSuite" time="0.0">
    <ignored/>
  </testcase> <!-- @BeforeSuite setupTestSuite -->
  <testcase classname="Tests.TestObject" name="@BeforeSuite setupTestSuite" time="0.0">
    <ignored/>
  </testcase> <!-- @BeforeSuite setupTestSuite -->
</testsuite> <!-- Surefire test -->
